<?xml version="1.0" encoding="UTF-8"?>
<!-- Generated by org.testng.reporters.JUnitReportReporter -->
<testsuite hostname="GEETAKARUNYAM" failures="0" tests="2" name="sample.test2" time="0.009" errors="0" timestamp="2023-09-04T11:13:13 IST" skipped="0">
  <testcase classname="sample.test2" name="test2" time="0.002"/>
  <system-out>
    <![CDATA[Test2]]>
  </system-out>
  <testcase classname="sample.test2" name="test1" time="0.007"/>
  <system-out>
    <![CDATA[Test1]]>
  </system-out>
</testsuite> <!-- sample.test2 -->
